<?xml version="1.0" encoding="UTF-8"?>
<!-- Generated by org.testng.reporters.JUnitReportReporter -->
<testsuite skipped="0" hostname="yogita325401" name="com.tests.SearchTest" tests="1" failures="0" timestamp="13 Sep 2017 20:10:26 GMT" time="7.598" errors="0">
  <testcase name="testResultInDropdown" time="7.598" classname="com.tests.SearchTest"/>
</testsuite> <!-- com.tests.SearchTest -->
