<?xml version="1.0" encoding="UTF-8"?>
<!-- Generated by org.testng.reporters.JUnitReportReporter -->
<testsuite skipped="0" hostname="yogita325401" name="com.tests.SearchTest" tests="4" failures="0" timestamp="13 Sep 2017 18:17:16 GMT" time="13.396" errors="0">
  <testcase name="testEmptyAddress" time="3.270" classname="com.tests.SearchTest"/>
  <testcase name="testLocationSuggestion" time="2.742" classname="com.tests.SearchTest"/>
  <testcase name="testValidAddress" time="3.140" classname="com.tests.SearchTest"/>
  <testcase name="testWrongPostalCode" time="4.244" classname="com.tests.SearchTest"/>
</testsuite> <!-- com.tests.SearchTest -->
